[EMPRESS] 2025-09-10 09:35:21 — EMPRESS unified soldier deployed. Awaiting mutation cycles...
[EMPRESS] 2025-09-10 09:35:21 — Missed cycle detected. Rerouting mutation...
[EMPRESS] 2025-09-10 09:35:21 — Unified mutation initiated.
[EMPRESS] 2025-09-10 09:35:35 — Logs synced to GitHub and S3.
[EMPRESS] 2025-09-10 09:35:35 — Unified mutation completed.
[EMPRESS] 2025-09-10 09:36:35 — Missed cycle detected. Rerouting mutation...
[EMPRESS] 2025-09-10 09:36:35 — Unified mutation initiated.
[EMPRESS] 2025-09-10 09:36:48 — Logs synced to GitHub and S3.
[EMPRESS] 2025-09-10 09:36:48 — Unified mutation completed.
[EMPRESS] 2025-09-10 09:37:48 — Missed cycle detected. Rerouting mutation...
[EMPRESS] 2025-09-10 09:37:48 — Unified mutation initiated.
[EMPRESS] 2025-09-10 09:38:01 — Logs synced to GitHub and S3.
[EMPRESS] 2025-09-10 09:38:01 — Unified mutation completed.
[EMPRESS] 2025-09-10 09:39:01 — Missed cycle detected. Rerouting mutation...
[EMPRESS] 2025-09-10 09:39:01 — Unified mutation initiated.
[EMPRESS] 2025-09-10 09:39:14 — Logs synced to GitHub and S3.
[EMPRESS] 2025-09-10 09:39:14 — Unified mutation completed.
[EMPRESS] 2025-09-10 09:40:15 — Missed cycle detected. Rerouting mutation...
[EMPRESS] 2025-09-10 09:40:15 — Unified mutation initiated.
[EMPRESS] 2025-09-10 09:40:31 — Logs synced to GitHub and S3.
[EMPRESS] 2025-09-10 09:40:31 — Unified mutation completed.
[EMPRESS] 2025-09-10 09:41:31 — Missed cycle detected. Rerouting mutation...
[EMPRESS] 2025-09-10 09:41:31 — Unified mutation initiated.
